<?xml version="1.0" encoding="UTF-8"?>
<!-- Generated by org.testng.reporters.JUnitReportReporter -->
<testsuite hostname="gorozheyev" name="com.example.tests.CreationGroup" tests="1" failures="0" timestamp="10 Oct 2016 13:50:59 GMT" time="2.825" errors="0">
  <testcase name="testNonEmptyGroup" time="2.825" classname="com.example.tests.CreationGroup"/>
</testsuite> <!-- com.example.tests.CreationGroup -->
