<?xml version="1.0" encoding="UTF-8"?>
<!-- Generated by org.testng.reporters.JUnitReportReporter -->
<testsuite hostname="SuperDell" name="com.example.tests.PracticGroupsTests" tests="2" failures="0" timestamp="28 Sep 2016 20:19:38 GMT" time="2.932" errors="0">
  <testcase name="testNonEmptyGroup" time="1.516" classname="com.example.tests.PracticGroupsTests"/>
  <testcase name="testEmptyGroup" time="1.416" classname="com.example.tests.PracticGroupsTests"/>
</testsuite> <!-- com.example.tests.PracticGroupsTests -->
