<?xml version="1.0" encoding="UTF-8"?>
<!-- Generated by org.testng.reporters.JUnitReportReporter -->
<testsuite hostname="SuperDell" name="com.example.tests.CreationContact" tests="2" failures="0" timestamp="3 Oct 2016 20:07:43 GMT" time="4.795" errors="0">
  <testcase name="testCreatContact" time="2.530" classname="com.example.tests.CreationContact"/>
  <testcase name="testCreateEmptyContact" time="2.265" classname="com.example.tests.CreationContact"/>
</testsuite> <!-- com.example.tests.CreationContact -->
