<?xml version="1.0" encoding="UTF-8"?>
<!-- Generated by org.testng.reporters.JUnitReportReporter -->
<testsuite hostname="SuperDell" name="com.example.tests.PracticGroupsTestsCopy" tests="2" failures="0" timestamp="28 Sep 2016 20:19:38 GMT" time="3.846" errors="0">
  <testcase name="testNonEmptyGroup" time="1.733" classname="com.example.tests.PracticGroupsTestsCopy"/>
  <testcase name="testEmptyGroup" time="2.113" classname="com.example.tests.PracticGroupsTestsCopy"/>
</testsuite> <!-- com.example.tests.PracticGroupsTestsCopy -->
