<?xml version="1.0" encoding="UTF-8"?>
<!-- Generated by org.testng.reporters.JUnitReportReporter -->
<testsuite hostname="SuperDell" name="com.example.tests.PracticGroupsTests" tests="2" failures="0" timestamp="4 Oct 2016 21:03:57 GMT" time="3.174" errors="0">
  <testcase name="testEmptyGroup" time="1.392" classname="com.example.tests.PracticGroupsTests"/>
  <testcase name="testNonEmptyGroup" time="1.782" classname="com.example.tests.PracticGroupsTests"/>
</testsuite> <!-- com.example.tests.PracticGroupsTests -->
