<?xml version="1.0" encoding="UTF-8"?>
<!-- Generated by org.testng.reporters.JUnitReportReporter -->
<testsuite hostname="gorozheyev" name="com.example.tests.GroupModificationTests" tests="1" failures="0" timestamp="6 Oct 2016 12:19:08 GMT" time="92.384" errors="0">
  <testcase name="modifySomeGroup" time="92.384" classname="com.example.tests.GroupModificationTests"/>
</testsuite> <!-- com.example.tests.GroupModificationTests -->
