<?xml version="1.0" encoding="UTF-8"?>
<!-- Generated by org.testng.reporters.JUnitReportReporter -->
<testsuite hostname="gorozheyev" name="CopyOfSecondTestGreationGroup" tests="2" failures="0" timestamp="29 Sep 2016 12:07:03 GMT" time="3.822" errors="0">
  <testcase name="tesEmptytRorPractic2" time="2.046" classname="CopyOfSecondTestGreationGroup"/>
  <testcase name="testRorPractic2" time="1.776" classname="CopyOfSecondTestGreationGroup"/>
</testsuite> <!-- CopyOfSecondTestGreationGroup -->
