<?xml version="1.0" encoding="UTF-8"?>
<!-- Generated by org.testng.reporters.JUnitReportReporter -->
<testsuite hostname="gorozheyev" name="com.example.tests.CreationContact" tests="2" failures="0" timestamp="6 Oct 2016 07:10:18 GMT" time="8.953" errors="0">
  <testcase name="testCreateContact" time="7.415" classname="com.example.tests.CreationContact"/>
  <testcase name="testCteateEmptyContact" time="1.538" classname="com.example.tests.CreationContact"/>
</testsuite> <!-- com.example.tests.CreationContact -->
