<?xml version="1.0" encoding="UTF-8"?>
<!-- Generated by org.testng.reporters.JUnitReportReporter -->
<testsuite hostname="SuperDell" name="com.example.tests.CreationContact" tests="2" failures="0" timestamp="17 Oct 2016 18:28:13 GMT" time="5.701" errors="0">
  <testcase name="testCteateEmptyContact" time="2.440" classname="com.example.tests.CreationContact"/>
  <testcase name="testCreateContact" time="3.261" classname="com.example.tests.CreationContact"/>
</testsuite> <!-- com.example.tests.CreationContact -->
