<?xml version="1.0" encoding="UTF-8"?>
<!-- Generated by org.testng.reporters.JUnitReportReporter -->
<testsuite hostname="gorozheyev" name="com.example.tests.PracticGroupsTestsCopy" tests="2" failures="0" timestamp="29 Sep 2016 12:07:03 GMT" time="4.012" errors="0">
  <testcase name="testNonEmptyGroup" time="1.935" classname="com.example.tests.PracticGroupsTestsCopy"/>
  <testcase name="testEmptyGroup" time="2.077" classname="com.example.tests.PracticGroupsTestsCopy"/>
</testsuite> <!-- com.example.tests.PracticGroupsTestsCopy -->
