<?xml version="1.0" encoding="UTF-8"?>
<!-- Generated by org.testng.reporters.JUnitReportReporter -->
<testsuite hostname="gorozheyev" name="com.example.tests.CreationContact" tests="2" failures="0" timestamp="12 Oct 2016 12:37:36 GMT" time="4.070" errors="0">
  <testcase name="testCteateEmptyContact" time="0.703" classname="com.example.tests.CreationContact"/>
  <testcase name="testCreateContact" time="3.367" classname="com.example.tests.CreationContact"/>
</testsuite> <!-- com.example.tests.CreationContact -->
