<?xml version="1.0" encoding="UTF-8"?>
<!-- Generated by org.testng.reporters.JUnitReportReporter -->
<testsuite hostname="SuperDell" name="com.example.tests.CreationGroup" tests="5" failures="0" timestamp="16 Oct 2016 19:10:39 GMT" time="9.783" errors="0">
  <testcase name="testGroupCreationWithWalidData" time="1.743" classname="com.example.tests.CreationGroup"/>
  <testcase name="testGroupCreationWithWalidData" time="1.810" classname="com.example.tests.CreationGroup"/>
  <testcase name="testGroupCreationWithWalidData" time="2.525" classname="com.example.tests.CreationGroup"/>
  <testcase name="testGroupCreationWithWalidData" time="1.929" classname="com.example.tests.CreationGroup"/>
  <testcase name="testGroupCreationWithWalidData" time="1.776" classname="com.example.tests.CreationGroup"/>
</testsuite> <!-- com.example.tests.CreationGroup -->
