<?xml version="1.0" encoding="UTF-8"?>
<!-- Generated by org.testng.reporters.JUnitReportReporter -->
<testsuite hostname="SuperDell" name="com.example.tests.ContactRemovalTests" tests="1" failures="0" timestamp="17 Oct 2016 19:02:27 GMT" time="1.503" errors="0">
  <testcase name="deleteSomeContact" time="1.503" classname="com.example.tests.ContactRemovalTests"/>
</testsuite> <!-- com.example.tests.ContactRemovalTests -->
