<?xml version="1.0" encoding="UTF-8"?>
<!-- Generated by org.testng.reporters.JUnitReportReporter -->
<testsuite hostname="SuperDell" name="com.example.tests.CreationContact" tests="1" failures="0" timestamp="16 Oct 2016 19:27:51 GMT" time="3.132" errors="0">
  <testcase name="testCreateContact" time="3.132" classname="com.example.tests.CreationContact"/>
</testsuite> <!-- com.example.tests.CreationContact -->
