<?xml version="1.0" encoding="UTF-8"?>
<!-- Generated by org.testng.reporters.JUnitReportReporter -->
<testsuite hostname="SuperDell" name="com.example.tests.CreationContact" tests="2" failures="0" timestamp="4 Oct 2016 21:09:32 GMT" time="5.535" errors="0">
  <testcase name="testCreateContact" time="3.345" classname="com.example.tests.CreationContact"/>
  <testcase name="testCteateEmptyContact" time="2.190" classname="com.example.tests.CreationContact"/>
</testsuite> <!-- com.example.tests.CreationContact -->
