<?xml version="1.0" encoding="UTF-8"?>
<!-- Generated by org.testng.reporters.JUnitReportReporter -->
<testsuite hostname="gorozheyev" name="com.example.tests.GroupModificationTests" tests="5" failures="0" timestamp="12 Oct 2016 14:27:32 GMT" time="8.380" errors="0">
  <testcase name="modifySomeGroup" time="1.950" classname="com.example.tests.GroupModificationTests"/>
  <testcase name="modifySomeGroup" time="2.374" classname="com.example.tests.GroupModificationTests"/>
  <testcase name="modifySomeGroup" time="1.360" classname="com.example.tests.GroupModificationTests"/>
  <testcase name="modifySomeGroup" time="1.286" classname="com.example.tests.GroupModificationTests"/>
  <testcase name="modifySomeGroup" time="1.410" classname="com.example.tests.GroupModificationTests"/>
</testsuite> <!-- com.example.tests.GroupModificationTests -->
