<?xml version="1.0" encoding="UTF-8"?>
<!-- Generated by org.testng.reporters.JUnitReportReporter -->
<testsuite hostname="gorozheyev" name="CopyOfSecondTestGreationGroup" tests="2" failures="0" timestamp="4 Oct 2016 07:15:23 GMT" time="42.757" errors="0">
  <testcase name="testRorPractic2" time="2.747" classname="CopyOfSecondTestGreationGroup"/>
  <testcase name="tesEmptytRorPractic2" time="40.010" classname="CopyOfSecondTestGreationGroup"/>
</testsuite> <!-- CopyOfSecondTestGreationGroup -->
