<?xml version="1.0" encoding="UTF-8"?>
<!-- Generated by org.testng.reporters.JUnitReportReporter -->
<testsuite hostname="gorozheyev" name="com.example.tests.ContactRemovalTests" tests="1" failures="0" timestamp="7 Oct 2016 12:56:40 GMT" time="38.277" errors="0">
  <testcase name="deleteSomeContact" time="38.277" classname="com.example.tests.ContactRemovalTests"/>
</testsuite> <!-- com.example.tests.ContactRemovalTests -->
