<?xml version="1.0" encoding="UTF-8"?>
<!-- Generated by org.testng.reporters.JUnitReportReporter -->
<testsuite hostname="gorozheyev" name="com.example.tests.PracticGroupsTests" tests="2" failures="0" timestamp="4 Oct 2016 11:28:49 GMT" time="5.153" errors="0">
  <testcase name="testNonEmptyGroup" time="2.425" classname="com.example.tests.PracticGroupsTests"/>
  <testcase name="testEmptyGroup" time="2.728" classname="com.example.tests.PracticGroupsTests"/>
</testsuite> <!-- com.example.tests.PracticGroupsTests -->
