<?xml version="1.0" encoding="UTF-8"?>
<!-- Generated by org.testng.reporters.JUnitReportReporter -->
<testsuite hostname="gorozheyev" name="com.example.tests.PracticGroupsTests" tests="2" failures="0" timestamp="29 Sep 2016 12:07:03 GMT" time="1.760" errors="0">
  <testcase name="testEmptyGroup" time="0.831" classname="com.example.tests.PracticGroupsTests"/>
  <testcase name="testNonEmptyGroup" time="0.929" classname="com.example.tests.PracticGroupsTests"/>
</testsuite> <!-- com.example.tests.PracticGroupsTests -->
