<?xml version="1.0" encoding="UTF-8"?>
<!-- Generated by org.testng.reporters.JUnitReportReporter -->
<testsuite hostname="gorozheyev" name="SecondTestGreationGroup" tests="2" failures="0" timestamp="4 Oct 2016 07:15:23 GMT" time="2.097" errors="0">
  <testcase name="tesEmptytRorPractic2" time="1.097" classname="SecondTestGreationGroup"/>
  <testcase name="testRorPractic2" time="1.000" classname="SecondTestGreationGroup"/>
</testsuite> <!-- SecondTestGreationGroup -->
