<?xml version="1.0" encoding="UTF-8"?>
<!-- Generated by org.testng.reporters.JUnitReportReporter -->
<testsuite hostname="gorozheyev" name="com.example.tests.CreationContact" tests="2" failures="0" timestamp="10 Oct 2016 11:53:10 GMT" time="5.024" errors="0">
  <testcase name="testCteateEmptyContact" time="1.449" classname="com.example.tests.CreationContact"/>
  <testcase name="testCreateContact" time="3.575" classname="com.example.tests.CreationContact"/>
</testsuite> <!-- com.example.tests.CreationContact -->
