<?xml version="1.0" encoding="UTF-8"?>
<!-- Generated by org.testng.reporters.JUnitReportReporter -->
<testsuite hostname="SuperDell" name="com.example.tests.CreationGroup" tests="5" failures="0" timestamp="19 Oct 2016 20:44:34 GMT" time="11.209" errors="0">
  <testcase name="testGroupCreationWithWalidData" time="3.307" classname="com.example.tests.CreationGroup"/>
  <testcase name="testGroupCreationWithWalidData" time="2.002" classname="com.example.tests.CreationGroup"/>
  <testcase name="testGroupCreationWithWalidData" time="1.927" classname="com.example.tests.CreationGroup"/>
  <testcase name="testGroupCreationWithWalidData" time="2.109" classname="com.example.tests.CreationGroup"/>
  <testcase name="testGroupCreationWithWalidData" time="1.864" classname="com.example.tests.CreationGroup"/>
</testsuite> <!-- com.example.tests.CreationGroup -->
