<?xml version="1.0" encoding="UTF-8"?>
<!-- Generated by org.testng.reporters.JUnitReportReporter -->
<testsuite hostname="SuperDell" name="com.example.tests.PracticGroupsTests" tests="2" failures="0" timestamp="3 Oct 2016 20:07:43 GMT" time="3.854" errors="0">
  <testcase name="testNonEmptyGroup" time="1.657" classname="com.example.tests.PracticGroupsTests"/>
  <testcase name="testEmptyGroup" time="2.197" classname="com.example.tests.PracticGroupsTests"/>
</testsuite> <!-- com.example.tests.PracticGroupsTests -->
