<?xml version="1.0" encoding="UTF-8"?>
<!-- Generated by org.testng.reporters.JUnitReportReporter -->
<testsuite hostname="SuperDell" name="com.example.tests.ContactModificationTests" tests="1" failures="0" timestamp="17 Oct 2016 19:15:48 GMT" time="2.041" errors="0">
  <testcase name="modificateSomeGroup" time="2.041" classname="com.example.tests.ContactModificationTests"/>
</testsuite> <!-- com.example.tests.ContactModificationTests -->
