<?xml version="1.0" encoding="UTF-8"?>
<!-- Generated by org.testng.reporters.JUnitReportReporter -->
<testsuite hostname="gorozheyev" name="com.example.tests.GroupRemovalTests" tests="1" failures="0" timestamp="24 Oct 2016 12:16:22 GMT" time="2.220" errors="0">
  <testcase name="deleteSomeGroup" time="2.220" classname="com.example.tests.GroupRemovalTests"/>
</testsuite> <!-- com.example.tests.GroupRemovalTests -->
