<?xml version="1.0" encoding="UTF-8"?>
<!-- Generated by org.testng.reporters.JUnitReportReporter -->
<testsuite hostname="gorozheyev" name="SecondTestGreationGroup" tests="2" failures="0" timestamp="29 Sep 2016 12:07:03 GMT" time="1.798" errors="0">
  <testcase name="tesEmptytRorPractic2" time="0.847" classname="SecondTestGreationGroup"/>
  <testcase name="testRorPractic2" time="0.951" classname="SecondTestGreationGroup"/>
</testsuite> <!-- SecondTestGreationGroup -->
