<?xml version="1.0" encoding="UTF-8"?>
<!-- Generated by org.testng.reporters.JUnitReportReporter -->
<testsuite hostname="gorozheyev" name="com.example.tests.GroupRemovalTests" tests="1" failures="0" timestamp="6 Oct 2016 11:20:38 GMT" time="1.940" errors="0">
  <testcase name="deleteSomeGroup" time="1.940" classname="com.example.tests.GroupRemovalTests"/>
</testsuite> <!-- com.example.tests.GroupRemovalTests -->
