<?xml version="1.0" encoding="UTF-8"?>
<!-- Generated by org.testng.reporters.JUnitReportReporter -->
<testsuite hostname="gorozheyev" name="com.example.tests.OneMoreCreationContact" tests="2" failures="0" timestamp="4 Oct 2016 11:28:49 GMT" time="18.905" errors="0">
  <testcase name="testCreateEmptyContact" time="1.677" classname="com.example.tests.OneMoreCreationContact"/>
  <testcase name="testCreatContact" time="17.228" classname="com.example.tests.OneMoreCreationContact"/>
</testsuite> <!-- com.example.tests.OneMoreCreationContact -->
