<?xml version="1.0" encoding="UTF-8"?>
<!-- Generated by org.testng.reporters.JUnitReportReporter -->
<testsuite hostname="gorozheyev" name="com.example.tests.CreationContact" tests="2" failures="0" timestamp="4 Oct 2016 11:28:49 GMT" time="3.433" errors="0">
  <testcase name="testCreatContact" time="1.819" classname="com.example.tests.CreationContact"/>
  <testcase name="testCreateEmptyContact" time="1.614" classname="com.example.tests.CreationContact"/>
</testsuite> <!-- com.example.tests.CreationContact -->
