<?xml version="1.0" encoding="UTF-8"?>
<!-- Generated by org.testng.reporters.JUnitReportReporter -->
<testsuite hostname="SuperDell" name="com.example.tests.OneMoreCreationContact" tests="2" failures="0" timestamp="3 Oct 2016 20:07:43 GMT" time="5.546" errors="0">
  <testcase name="testCreateEmptyContact" time="2.367" classname="com.example.tests.OneMoreCreationContact"/>
  <testcase name="testCreatContact" time="3.179" classname="com.example.tests.OneMoreCreationContact"/>
</testsuite> <!-- com.example.tests.OneMoreCreationContact -->
