<?xml version="1.0" encoding="UTF-8"?>
<!-- Generated by org.testng.reporters.JUnitReportReporter -->
<testsuite hostname="gorozheyev" name="com.example.tests.PracticGroupsTestsCopy" tests="2" failures="0" timestamp="4 Oct 2016 11:28:49 GMT" time="2.115" errors="0">
  <testcase name="testEmptyGroup" time="0.870" classname="com.example.tests.PracticGroupsTestsCopy"/>
  <testcase name="testNonEmptyGroup" time="1.245" classname="com.example.tests.PracticGroupsTestsCopy"/>
</testsuite> <!-- com.example.tests.PracticGroupsTestsCopy -->
