<?xml version="1.0" encoding="UTF-8"?>
<!-- Generated by org.testng.reporters.JUnitReportReporter -->
<testsuite hostname="SuperDell" name="com.example.tests.PracticGroupsTestsCopy" tests="2" failures="0" timestamp="3 Oct 2016 20:07:43 GMT" time="3.061" errors="0">
  <testcase name="testEmptyGroup" time="1.520" classname="com.example.tests.PracticGroupsTestsCopy"/>
  <testcase name="testNonEmptyGroup" time="1.541" classname="com.example.tests.PracticGroupsTestsCopy"/>
</testsuite> <!-- com.example.tests.PracticGroupsTestsCopy -->
