<?xml version="1.0" encoding="UTF-8"?>
<!-- Generated by org.testng.reporters.JUnitReportReporter -->
<testsuite hostname="gorozheyev" name="com.example.tests.CreationGroup" tests="5" failures="0" timestamp="12 Oct 2016 13:31:30 GMT" time="7.912" errors="0">
  <testcase name="testGroupCreationWithWalidData" time="1.148" classname="com.example.tests.CreationGroup"/>
  <testcase name="testGroupCreationWithWalidData" time="2.956" classname="com.example.tests.CreationGroup"/>
  <testcase name="testGroupCreationWithWalidData" time="1.454" classname="com.example.tests.CreationGroup"/>
  <testcase name="testGroupCreationWithWalidData" time="1.209" classname="com.example.tests.CreationGroup"/>
  <testcase name="testGroupCreationWithWalidData" time="1.145" classname="com.example.tests.CreationGroup"/>
</testsuite> <!-- com.example.tests.CreationGroup -->
