<?xml version="1.0" encoding="UTF-8"?>
<!-- Generated by org.testng.reporters.JUnitReportReporter -->
<testsuite hostname="SuperDell" name="com.example.tests.CreationGroup" tests="2" failures="0" timestamp="4 Oct 2016 21:09:32 GMT" time="3.129" errors="0">
  <testcase name="testEmptyGroup" time="1.709" classname="com.example.tests.CreationGroup"/>
  <testcase name="testNonEmptyGroup" time="1.420" classname="com.example.tests.CreationGroup"/>
</testsuite> <!-- com.example.tests.CreationGroup -->
